<?xml version="1.0" encoding="UTF-8"?>
<testng-results skipped="0" failed="0" ignored="0" total="1" passed="1">
  <reporter-output>
  </reporter-output>
  <suite name="Suite" duration-ms="25451" started-at="2019-01-29T10:54:20Z" finished-at="2019-01-29T10:54:46Z">
    <groups>
    </groups>
    <test name="Test" duration-ms="25451" started-at="2019-01-29T10:54:20Z" finished-at="2019-01-29T10:54:46Z">
      <class name="testpackage1.NewTest">
        <test-method status="PASS" signature="initialisedriver()[pri:0, instance:testpackage1.NewTest@13805618]" name="initialisedriver" is-config="true" duration-ms="6075" started-at="2019-01-29T10:54:20Z" finished-at="2019-01-29T10:54:26Z">
          <reporter-output>
          </reporter-output>
        </test-method> <!-- initialisedriver -->
        <test-method status="PASS" signature="f()[pri:0, instance:testpackage1.NewTest@13805618]" name="f" duration-ms="18568" started-at="2019-01-29T10:54:26Z" finished-at="2019-01-29T10:54:45Z">
          <reporter-output>
          </reporter-output>
        </test-method> <!-- f -->
        <test-method status="PASS" signature="browserclose()[pri:0, instance:testpackage1.NewTest@13805618]" name="browserclose" is-config="true" duration-ms="743" started-at="2019-01-29T10:54:45Z" finished-at="2019-01-29T10:54:46Z">
          <reporter-output>
          </reporter-output>
        </test-method> <!-- browserclose -->
      </class> <!-- testpackage1.NewTest -->
    </test> <!-- Test -->
  </suite> <!-- Suite -->
</testng-results>
